<?xml version="1.0" encoding="UTF-8"?>
<!-- Generated by org.testng.reporters.JUnitXMLReporter -->
<testsuite ignored="3" hostname="DESKTOP-3C9HAJ0" failures="0" tests="0" time="0.01" errors="0" timestamp="2022-09-16T20:39:12 IST">
  <testcase classname="AllTestCases.Device1Tests" name="Device1_DUALFM_Test" time="0.0">
    <ignored/>
  </testcase> <!-- Device1_DUALFM_Test -->
  <testcase classname="AllTestCases.Device1Tests" name="Device1_WORKFM_Test" time="0.0">
    <ignored/>
  </testcase> <!-- Device1_WORKFM_Test -->
  <testcase classname="AllTestCases.Device1Tests" name="Device1_FM_Test" time="0.0">
    <ignored/>
  </testcase> <!-- Device1_FM_Test -->
</testsuite>
