<?xml version="1.0" encoding="UTF-8"?>
<!-- Generated by org.testng.reporters.JUnitXMLReporter -->
<testsuite ignored="21" hostname="EC2AMAZ-PRKQAAJ" failures="0" tests="1" name="Test" time="0.104" errors="0" timestamp="2022-09-20T11:32:42 UTC">
  <testcase classname="AllTestCases.Device1Tests" name="demoTest" time="0.052"/>
  <testcase classname="AllTestCases.Device1Tests" name="Device1_WORKOG_Test" time="0.0">
    <ignored/>
  </testcase> <!-- Device1_WORKOG_Test -->
  <testcase classname="AllTestCases.Device1Tests" name="Device1_AERO_Test" time="0.0">
    <ignored/>
  </testcase> <!-- Device1_AERO_Test -->
  <testcase classname="AllTestCases.Device1Tests" name="Device1_DUALGB_Test" time="0.0">
    <ignored/>
  </testcase> <!-- Device1_DUALGB_Test -->
  <testcase classname="AllTestCases.Device1Tests" name="Device1_DUALWA_Test" time="0.0">
    <ignored/>
  </testcase> <!-- Device1_DUALWA_Test -->
  <testcase classname="AllTestCases.Device1Tests" name="Device1_WORKFM_Test" time="0.0">
    <ignored/>
  </testcase> <!-- Device1_WORKFM_Test -->
  <testcase classname="AllTestCases.Device1Tests" name="Device1_DUALYO_Test" time="0.0">
    <ignored/>
  </testcase> <!-- Device1_DUALYO_Test -->
  <testcase classname="AllTestCases.Device1Tests" name="Device1_DUALAERO_Test" time="0.0">
    <ignored/>
  </testcase> <!-- Device1_DUALAERO_Test -->
  <testcase classname="AllTestCases.Device1Tests" name="Device1_WORKAERO_Test" time="0.0">
    <ignored/>
  </testcase> <!-- Device1_WORKAERO_Test -->
  <testcase classname="AllTestCases.Device1Tests" name="Device1_FM_Test" time="0.0">
    <ignored/>
  </testcase> <!-- Device1_FM_Test -->
  <testcase classname="AllTestCases.Device1Tests" name="Device1_WB_Test" time="0.0">
    <ignored/>
  </testcase> <!-- Device1_WB_Test -->
  <testcase classname="AllTestCases.Device1Tests" name="Device1_DUALWB_Test" time="0.0">
    <ignored/>
  </testcase> <!-- Device1_DUALWB_Test -->
  <testcase classname="AllTestCases.Device1Tests" name="Device1_WORKWB_Test" time="0.0">
    <ignored/>
  </testcase> <!-- Device1_WORKWB_Test -->
  <testcase classname="AllTestCases.Device1Tests" name="Device1_OG_Test" time="0.0">
    <ignored/>
  </testcase> <!-- Device1_OG_Test -->
  <testcase classname="AllTestCases.Device1Tests" name="Device1_DUALOG_Test" time="0.0">
    <ignored/>
  </testcase> <!-- Device1_DUALOG_Test -->
  <testcase classname="AllTestCases.Device1Tests" name="Device1_DUALFM_Test" time="0.0">
    <ignored/>
  </testcase> <!-- Device1_DUALFM_Test -->
  <testcase classname="AllTestCases.Device1Tests" name="Device1_WORKYO_Test" time="0.0">
    <ignored/>
  </testcase> <!-- Device1_WORKYO_Test -->
  <testcase classname="AllTestCases.Device1Tests" name="Device1_GB_Test" time="0.0">
    <ignored/>
  </testcase> <!-- Device1_GB_Test -->
  <testcase classname="AllTestCases.Device1Tests" name="Device1_WA_Test" time="0.0">
    <ignored/>
  </testcase> <!-- Device1_WA_Test -->
  <testcase classname="AllTestCases.Device1Tests" name="Device1_WORKGB_Test" time="0.0">
    <ignored/>
  </testcase> <!-- Device1_WORKGB_Test -->
  <testcase classname="AllTestCases.Device1Tests" name="Device1_YO_Test" time="0.0">
    <ignored/>
  </testcase> <!-- Device1_YO_Test -->
  <testcase classname="AllTestCases.Device1Tests" name="Device1_WORKWA_Test" time="0.0">
    <ignored/>
  </testcase> <!-- Device1_WORKWA_Test -->
</testsuite> <!-- Test -->
