<?xml version="1.0" encoding="UTF-8"?>
<!-- Generated by org.testng.reporters.JUnitXMLReporter -->
<testsuite ignored="20" hostname="DESKTOP-3C9HAJ0" failures="1" tests="1" name="Test" time="12.498" errors="0" timestamp="2022-09-17T17:23:54 IST">
  <testcase classname="AllTestCases.Device1Tests" name="Device1_WA_Test" time="12.335">
    <failure type="java.lang.IllegalArgumentException" message="Profile must be set">
      <![CDATA[java.lang.IllegalArgumentException: Profile must be set
at org.openqa.selenium.internal.Require.nonNull(Require.java:59)
at org.openqa.selenium.firefox.FirefoxOptions.setProfile(FirefoxOptions.java:209)
at Project1.Mini_Project.DriverManager.startDriver(DriverManager.java:38)
at AllTestCases.Device1Tests.Device1_WA_Test(Device1Tests.java:133)
at java.base/java.util.ArrayList.forEach(ArrayList.java:1511)
... Removed 27 stack frames]]>
    </failure>
  </testcase> <!-- Device1_WA_Test -->
  <testcase classname="AllTestCases.Device1Tests" name="Device1_WORKOG_Test" time="0.0">
    <ignored/>
  </testcase> <!-- Device1_WORKOG_Test -->
  <testcase classname="AllTestCases.Device1Tests" name="Device1_AERO_Test" time="0.0">
    <ignored/>
  </testcase> <!-- Device1_AERO_Test -->
  <testcase classname="AllTestCases.Device1Tests" name="Device1_DUALGB_Test" time="0.0">
    <ignored/>
  </testcase> <!-- Device1_DUALGB_Test -->
  <testcase classname="AllTestCases.Device1Tests" name="Device1_DUALWA_Test" time="0.0">
    <ignored/>
  </testcase> <!-- Device1_DUALWA_Test -->
  <testcase classname="AllTestCases.Device1Tests" name="Device1_WORKFM_Test" time="0.0">
    <ignored/>
  </testcase> <!-- Device1_WORKFM_Test -->
  <testcase classname="AllTestCases.Device1Tests" name="Device1_DUALYO_Test" time="0.0">
    <ignored/>
  </testcase> <!-- Device1_DUALYO_Test -->
  <testcase classname="AllTestCases.Device1Tests" name="Device1_DUALAERO_Test" time="0.0">
    <ignored/>
  </testcase> <!-- Device1_DUALAERO_Test -->
  <testcase classname="AllTestCases.Device1Tests" name="Device1_WORKAERO_Test" time="0.0">
    <ignored/>
  </testcase> <!-- Device1_WORKAERO_Test -->
  <testcase classname="AllTestCases.Device1Tests" name="Device1_FM_Test" time="0.0">
    <ignored/>
  </testcase> <!-- Device1_FM_Test -->
  <testcase classname="AllTestCases.Device1Tests" name="Device1_WB_Test" time="0.0">
    <ignored/>
  </testcase> <!-- Device1_WB_Test -->
  <testcase classname="AllTestCases.Device1Tests" name="Device1_DUALWB_Test" time="0.0">
    <ignored/>
  </testcase> <!-- Device1_DUALWB_Test -->
  <testcase classname="AllTestCases.Device1Tests" name="Device1_WORKWB_Test" time="0.0">
    <ignored/>
  </testcase> <!-- Device1_WORKWB_Test -->
  <testcase classname="AllTestCases.Device1Tests" name="Device1_OG_Test" time="0.0">
    <ignored/>
  </testcase> <!-- Device1_OG_Test -->
  <testcase classname="AllTestCases.Device1Tests" name="Device1_DUALOG_Test" time="0.0">
    <ignored/>
  </testcase> <!-- Device1_DUALOG_Test -->
  <testcase classname="AllTestCases.Device1Tests" name="Device1_DUALFM_Test" time="0.0">
    <ignored/>
  </testcase> <!-- Device1_DUALFM_Test -->
  <testcase classname="AllTestCases.Device1Tests" name="Device1_GB_Test" time="0.0">
    <ignored/>
  </testcase> <!-- Device1_GB_Test -->
  <testcase classname="AllTestCases.Device1Tests" name="Device1_WORKYO_Test" time="0.0">
    <ignored/>
  </testcase> <!-- Device1_WORKYO_Test -->
  <testcase classname="AllTestCases.Device1Tests" name="Device1_WORKGB_Test" time="0.0">
    <ignored/>
  </testcase> <!-- Device1_WORKGB_Test -->
  <testcase classname="AllTestCases.Device1Tests" name="Device1_YO_Test" time="0.0">
    <ignored/>
  </testcase> <!-- Device1_YO_Test -->
  <testcase classname="AllTestCases.Device1Tests" name="Device1_WORKWA_Test" time="0.0">
    <ignored/>
  </testcase> <!-- Device1_WORKWA_Test -->
</testsuite> <!-- Test -->
