<?xml version="1.0" encoding="UTF-8"?>
<testng-results ignored="21" total="22" passed="1" failed="0" skipped="0">
  <reporter-output>
  </reporter-output>
  <suite started-at="2022-09-20T11:32:42 UTC" name="Suite" finished-at="2022-09-20T11:32:42 UTC" duration-ms="104">
    <groups>
    </groups>
    <test started-at="2022-09-20T11:32:42 UTC" name="Test" finished-at="2022-09-20T11:32:42 UTC" duration-ms="104">
      <class name="AllTestCases.Device1Tests">
        <test-method signature="demoTest()[pri:0, instance:AllTestCases.Device1Tests@123ef382]" started-at="2022-09-20T11:32:42 UTC" name="demoTest" finished-at="2022-09-20T11:32:42 UTC" duration-ms="52" status="PASS">
          <reporter-output>
          </reporter-output>
        </test-method> <!-- demoTest -->
      </class> <!-- AllTestCases.Device1Tests -->
    </test> <!-- Test -->
  </suite> <!-- Suite -->
</testng-results>
